{"uuid":"4c5ab538-eea1-4ae0-b8b6-d6c67b131124","historyId":"80a361a15d3fad73c6aee0faa3817a8d","fullName":"Food Management: Добавление нового фрукта","labels":[{"name":"tag","value":"all"},{"name":"host","value":"MacBook-Air-Ageev.local"},{"name":"thread","value":"85604@MacBook-Air-Ageev.local.main(1)"},{"name":"feature","value":"Food Management"},{"name":"story","value":"Добавление нового фрукта"},{"name":"suite","value":"Food Management"},{"name":"testClass","value":"Добавление нового фрукта"},{"name":"framework","value":"cucumber4jvm"},{"name":"language","value":"java"},{"name":"gherkin_uri","value":"file:///Users/ageev/Downloads/steps/src/test/resources/food.feature"},{"name":"package","value":"src.test.resources.food_feature.Food Management"}],"links":[],"name":"Добавление нового фрукта","status":"broken","statusDetails":{"known":false,"muted":false,"flaky":false,"message":"stale element reference: stale element not found\n  (Session info: chrome=131.0.6778.109)\nFor documentation on this error, please visit: https://www.selenium.dev/documentation/webdriver/troubleshooting/errors#stale-element-reference-exception\nBuild info: version: '4.18.1', revision: 'b1d3319b48'\nSystem info: os.name: 'Mac OS X', os.arch: 'x86_64', os.version: '12.4', java.version: '19.0.1'\nDriver info: org.openqa.selenium.chrome.ChromeDriver\nCommand: [585532bdcc172f3f5032d9e72bdda5c6, findChildElement {id=f.22A72DAD509BDEFF73030DAC2997DFBD.d.E8352F71F348D654BE48FCD68A7C52BD.e.22, value=td:nth-child(4), using=css selector}]\nCapabilities {acceptInsecureCerts: false, browserName: chrome, browserVersion: 131.0.6778.109, chrome: {chromedriverVersion: 131.0.6778.85 (3d81e41b6f3a..., userDataDir: /var/folders/fk/rkvgl6wj1rs...}, fedcm:accounts: true, goog:chromeOptions: {debuggerAddress: localhost:62162}, networkConnectionEnabled: false, pageLoadStrategy: normal, platformName: mac, proxy: Proxy(), se:cdp: ws://localhost:62162/devtoo..., se:cdpVersion: 131.0.6778.109, setWindowRect: true, strictFileInteractability: false, timeouts: {implicit: 0, pageLoad: 300000, script: 30000}, unhandledPromptBehavior: dismiss and notify, webauthn:extension:credBlob: true, webauthn:extension:largeBlob: true, webauthn:extension:minPinLength: true, webauthn:extension:prf: true, webauthn:virtualAuthenticators: true}\nSession ID: 585532bdcc172f3f5032d9e72bdda5c6","trace":"org.openqa.selenium.StaleElementReferenceException: stale element reference: stale element not found\n  (Session info: chrome=131.0.6778.109)\nFor documentation on this error, please visit: https://www.selenium.dev/documentation/webdriver/troubleshooting/errors#stale-element-reference-exception\nBuild info: version: '4.18.1', revision: 'b1d3319b48'\nSystem info: os.name: 'Mac OS X', os.arch: 'x86_64', os.version: '12.4', java.version: '19.0.1'\nDriver info: org.openqa.selenium.chrome.ChromeDriver\nCommand: [585532bdcc172f3f5032d9e72bdda5c6, findChildElement {id=f.22A72DAD509BDEFF73030DAC2997DFBD.d.E8352F71F348D654BE48FCD68A7C52BD.e.22, value=td:nth-child(4), using=css selector}]\nCapabilities {acceptInsecureCerts: false, browserName: chrome, browserVersion: 131.0.6778.109, chrome: {chromedriverVersion: 131.0.6778.85 (3d81e41b6f3a..., userDataDir: /var/folders/fk/rkvgl6wj1rs...}, fedcm:accounts: true, goog:chromeOptions: {debuggerAddress: localhost:62162}, networkConnectionEnabled: false, pageLoadStrategy: normal, platformName: mac, proxy: Proxy(), se:cdp: ws://localhost:62162/devtoo..., se:cdpVersion: 131.0.6778.109, setWindowRect: true, strictFileInteractability: false, timeouts: {implicit: 0, pageLoad: 300000, script: 30000}, unhandledPromptBehavior: dismiss and notify, webauthn:extension:credBlob: true, webauthn:extension:largeBlob: true, webauthn:extension:minPinLength: true, webauthn:extension:prf: true, webauthn:virtualAuthenticators: true}\nSession ID: 585532bdcc172f3f5032d9e72bdda5c6\n\tat java.base/jdk.internal.reflect.DirectConstructorHandleAccessor.newInstance(DirectConstructorHandleAccessor.java:67)\n\tat java.base/java.lang.reflect.Constructor.newInstanceWithCaller(Constructor.java:500)\n\tat java.base/java.lang.reflect.Constructor.newInstance(Constructor.java:484)\n\tat org.openqa.selenium.remote.ErrorCodec.decode(ErrorCodec.java:167)\n\tat org.openqa.selenium.remote.codec.w3c.W3CHttpResponseCodec.decode(W3CHttpResponseCodec.java:138)\n\tat org.openqa.selenium.remote.codec.w3c.W3CHttpResponseCodec.decode(W3CHttpResponseCodec.java:50)\n\tat org.openqa.selenium.remote.HttpCommandExecutor.execute(HttpCommandExecutor.java:190)\n\tat org.openqa.selenium.remote.service.DriverCommandExecutor.invokeExecute(DriverCommandExecutor.java:216)\n\tat org.openqa.selenium.remote.service.DriverCommandExecutor.execute(DriverCommandExecutor.java:174)\n\tat org.openqa.selenium.remote.RemoteWebDriver.execute(RemoteWebDriver.java:519)\n\tat org.openqa.selenium.remote.ElementLocation$ElementFinder$2.findElement(ElementLocation.java:165)\n\tat org.openqa.selenium.remote.ElementLocation.findElement(ElementLocation.java:59)\n\tat org.openqa.selenium.remote.RemoteWebDriver.findElement(RemoteWebDriver.java:356)\n\tat org.openqa.selenium.remote.RemoteWebElement.findElement(RemoteWebElement.java:211)\n\tat pages.FoodPage.checkNewItem(FoodPage.java:74)\n\tat steps.StepDefinitions.theItemShouldBePresentInTheList(StepDefinitions.java:74)\n\tat ✽.the item \"Папая\" with type \"Фрукт\" and exotic \"true\" should be present in the list(file:///Users/ageev/Downloads/steps/src/test/resources/food.feature:21)\n"},"stage":"finished","steps":[{"name":"Given  I navigate to the food page","status":"passed","statusDetails":{"known":false,"muted":false,"flaky":false},"stage":"finished","steps":[],"attachments":[],"parameters":[],"start":1733593259284,"stop":1733593259556},{"name":"When  I click the \"Add\" button","status":"passed","statusDetails":{"known":false,"muted":false,"flaky":false},"stage":"finished","steps":[],"attachments":[],"parameters":[],"start":1733593259556,"stop":1733593282028},{"name":"And  I enter the name \"Папая\"","status":"passed","statusDetails":{"known":false,"muted":false,"flaky":false},"stage":"finished","steps":[],"attachments":[],"parameters":[],"start":1733593282029,"stop":1733593282445},{"name":"And  I select type \"FRUIT\"","status":"passed","statusDetails":{"known":false,"muted":false,"flaky":false},"stage":"finished","steps":[],"attachments":[],"parameters":[],"start":1733593282446,"stop":1733593282801},{"name":"And  I mark the item as exotic","status":"passed","statusDetails":{"known":false,"muted":false,"flaky":false},"stage":"finished","steps":[],"attachments":[],"parameters":[],"start":1733593282801,"stop":1733593283228},{"name":"And  I save the item","status":"passed","statusDetails":{"known":false,"muted":false,"flaky":false},"stage":"finished","steps":[],"attachments":[],"parameters":[],"start":1733593283228,"stop":1733593283494},{"name":"Then  the item \"Папая\" with type \"Фрукт\" and exotic \"true\" should be present in the list","status":"broken","statusDetails":{"known":false,"muted":false,"flaky":false,"message":"stale element reference: stale element not found\n  (Session info: chrome=131.0.6778.109)\nFor documentation on this error, please visit: https://www.selenium.dev/documentation/webdriver/troubleshooting/errors#stale-element-reference-exception\nBuild info: version: '4.18.1', revision: 'b1d3319b48'\nSystem info: os.name: 'Mac OS X', os.arch: 'x86_64', os.version: '12.4', java.version: '19.0.1'\nDriver info: org.openqa.selenium.chrome.ChromeDriver\nCommand: [585532bdcc172f3f5032d9e72bdda5c6, findChildElement {id=f.22A72DAD509BDEFF73030DAC2997DFBD.d.E8352F71F348D654BE48FCD68A7C52BD.e.22, value=td:nth-child(4), using=css selector}]\nCapabilities {acceptInsecureCerts: false, browserName: chrome, browserVersion: 131.0.6778.109, chrome: {chromedriverVersion: 131.0.6778.85 (3d81e41b6f3a..., userDataDir: /var/folders/fk/rkvgl6wj1rs...}, fedcm:accounts: true, goog:chromeOptions: {debuggerAddress: localhost:62162}, networkConnectionEnabled: false, pageLoadStrategy: normal, platformName: mac, proxy: Proxy(), se:cdp: ws://localhost:62162/devtoo..., se:cdpVersion: 131.0.6778.109, setWindowRect: true, strictFileInteractability: false, timeouts: {implicit: 0, pageLoad: 300000, script: 30000}, unhandledPromptBehavior: dismiss and notify, webauthn:extension:credBlob: true, webauthn:extension:largeBlob: true, webauthn:extension:minPinLength: true, webauthn:extension:prf: true, webauthn:virtualAuthenticators: true}\nSession ID: 585532bdcc172f3f5032d9e72bdda5c6","trace":"org.openqa.selenium.StaleElementReferenceException: stale element reference: stale element not found\n  (Session info: chrome=131.0.6778.109)\nFor documentation on this error, please visit: https://www.selenium.dev/documentation/webdriver/troubleshooting/errors#stale-element-reference-exception\nBuild info: version: '4.18.1', revision: 'b1d3319b48'\nSystem info: os.name: 'Mac OS X', os.arch: 'x86_64', os.version: '12.4', java.version: '19.0.1'\nDriver info: org.openqa.selenium.chrome.ChromeDriver\nCommand: [585532bdcc172f3f5032d9e72bdda5c6, findChildElement {id=f.22A72DAD509BDEFF73030DAC2997DFBD.d.E8352F71F348D654BE48FCD68A7C52BD.e.22, value=td:nth-child(4), using=css selector}]\nCapabilities {acceptInsecureCerts: false, browserName: chrome, browserVersion: 131.0.6778.109, chrome: {chromedriverVersion: 131.0.6778.85 (3d81e41b6f3a..., userDataDir: /var/folders/fk/rkvgl6wj1rs...}, fedcm:accounts: true, goog:chromeOptions: {debuggerAddress: localhost:62162}, networkConnectionEnabled: false, pageLoadStrategy: normal, platformName: mac, proxy: Proxy(), se:cdp: ws://localhost:62162/devtoo..., se:cdpVersion: 131.0.6778.109, setWindowRect: true, strictFileInteractability: false, timeouts: {implicit: 0, pageLoad: 300000, script: 30000}, unhandledPromptBehavior: dismiss and notify, webauthn:extension:credBlob: true, webauthn:extension:largeBlob: true, webauthn:extension:minPinLength: true, webauthn:extension:prf: true, webauthn:virtualAuthenticators: true}\nSession ID: 585532bdcc172f3f5032d9e72bdda5c6\n\tat java.base/jdk.internal.reflect.DirectConstructorHandleAccessor.newInstance(DirectConstructorHandleAccessor.java:67)\n\tat java.base/java.lang.reflect.Constructor.newInstanceWithCaller(Constructor.java:500)\n\tat java.base/java.lang.reflect.Constructor.newInstance(Constructor.java:484)\n\tat org.openqa.selenium.remote.ErrorCodec.decode(ErrorCodec.java:167)\n\tat org.openqa.selenium.remote.codec.w3c.W3CHttpResponseCodec.decode(W3CHttpResponseCodec.java:138)\n\tat org.openqa.selenium.remote.codec.w3c.W3CHttpResponseCodec.decode(W3CHttpResponseCodec.java:50)\n\tat org.openqa.selenium.remote.HttpCommandExecutor.execute(HttpCommandExecutor.java:190)\n\tat org.openqa.selenium.remote.service.DriverCommandExecutor.invokeExecute(DriverCommandExecutor.java:216)\n\tat org.openqa.selenium.remote.service.DriverCommandExecutor.execute(DriverCommandExecutor.java:174)\n\tat org.openqa.selenium.remote.RemoteWebDriver.execute(RemoteWebDriver.java:519)\n\tat org.openqa.selenium.remote.ElementLocation$ElementFinder$2.findElement(ElementLocation.java:165)\n\tat org.openqa.selenium.remote.ElementLocation.findElement(ElementLocation.java:59)\n\tat org.openqa.selenium.remote.RemoteWebDriver.findElement(RemoteWebDriver.java:356)\n\tat org.openqa.selenium.remote.RemoteWebElement.findElement(RemoteWebElement.java:211)\n\tat pages.FoodPage.checkNewItem(FoodPage.java:74)\n\tat steps.StepDefinitions.theItemShouldBePresentInTheList(StepDefinitions.java:74)\n\tat ✽.the item \"Папая\" with type \"Фрукт\" and exotic \"true\" should be present in the list(file:///Users/ageev/Downloads/steps/src/test/resources/food.feature:21)\n"},"stage":"finished","steps":[],"attachments":[],"parameters":[],"start":1733593283495,"stop":1733593284308},{"name":"And  the database should contain the item \"Папая\" with type \"FRUIT\" and exotic \"true\"","status":"skipped","statusDetails":{"known":false,"muted":false,"flaky":false},"stage":"finished","steps":[],"attachments":[],"parameters":[],"start":1733593284313,"stop":1733593284315}],"attachments":[],"parameters":[],"start":1733593244757,"stop":1733593284441}